<?xml version="1.0" encoding="UTF-8"?>
<!-- Generated by org.testng.reporters.JUnitReportReporter -->
<testsuite hostname="ashishsri" failures="0" tests="1" name="Session6.ResponseBodyClass" time="1.696" errors="0" timestamp="2024-04-09T13:14:17 IST" skipped="0">
  <testcase classname="Session6.ResponseBodyClass" name="RequestBody" time="1.696"/>
  <system-out/>
</testsuite> <!-- Session6.ResponseBodyClass -->
