<?xml version="1.0" encoding="UTF-8"?>
<!-- Generated by org.testng.reporters.JUnitReportReporter -->
<testsuite hostname="ashishsri" failures="0" tests="1" name="Session5.ResponseHeader" time="1.929" errors="0" timestamp="2024-04-09T12:01:09 IST" skipped="0">
  <testcase classname="Session5.ResponseHeader" name="ValidatingResponseHeader" time="1.929"/>
  <system-out/>
</testsuite> <!-- Session5.ResponseHeader -->
