<?xml version="1.0" encoding="UTF-8"?>
<!-- Generated by org.testng.reporters.JUnitReportReporter -->
<testsuite hostname="ashishsri" failures="0" tests="1" name="Session10.Api_Key" time="2.520" errors="0" timestamp="2024-04-10T10:15:17 IST" skipped="0">
  <testcase classname="Session10.Api_Key" name="ApikeyIn_parameter" time="2.520"/>
  <system-out/>
</testsuite> <!-- Session10.Api_Key -->
