<?xml version="1.0" encoding="UTF-8"?>
<!-- Generated by org.testng.reporters.JUnitReportReporter -->
<testsuite hostname="ashishsri" failures="0" tests="1" name="Session13.ReterievebaseURIpath_Headers" time="2.226" errors="0" timestamp="2024-04-11T10:18:55 IST" skipped="0">
  <testcase classname="Session13.ReterievebaseURIpath_Headers" name="reterieveBasepathuri_and_Headers" time="2.226"/>
  <system-out/>
</testsuite> <!-- Session13.ReterievebaseURIpath_Headers -->
