<?xml version="1.0" encoding="UTF-8"?>
<!-- Generated by org.testng.reporters.JUnitReportReporter -->
<testsuite hostname="ashishsri" failures="0" tests="1" name="AllTestCases.PostRequest" time="2.082" errors="0" timestamp="2024-04-09T09:30:33 IST" skipped="0">
  <testcase classname="AllTestCases.PostRequest" name="testCase3" time="2.082"/>
  <system-out/>
</testsuite> <!-- AllTestCases.PostRequest -->
