<?xml version="1.0" encoding="UTF-8"?>
<!-- Generated by org.testng.reporters.JUnitReportReporter -->
<testsuite hostname="ashishsri" failures="0" tests="1" name="Session7.QueryParameterClass" time="2.183" errors="0" timestamp="2024-04-09T14:00:47 IST" skipped="0">
  <testcase classname="Session7.QueryParameterClass" name="QueryParametermethod" time="2.183"/>
  <system-out/>
</testsuite> <!-- Session7.QueryParameterClass -->
