<?xml version="1.0" encoding="UTF-8"?>
<!-- Generated by org.testng.reporters.JUnitReportReporter -->
<testsuite hostname="ashishsri" failures="0" tests="1" name="AllTestCases.PutRequest" time="2.480" errors="0" timestamp="2024-04-08T18:32:12 IST" skipped="0">
  <testcase classname="AllTestCases.PutRequest" name="testcase4" time="2.480"/>
  <system-out/>
</testsuite> <!-- AllTestCases.PutRequest -->
