<?xml version="1.0" encoding="UTF-8"?>
<!-- Generated by org.testng.reporters.JUnitReportReporter -->
<testsuite hostname="ashishsri" failures="0" tests="1" name="Session9.Auth_TokenClass" time="2.520" errors="0" timestamp="2024-04-09T23:49:42 IST" skipped="0">
  <testcase classname="Session9.Auth_TokenClass" name="BearerTokenDemo" time="2.520"/>
  <system-out/>
</testsuite> <!-- Session9.Auth_TokenClass -->
