<?xml version="1.0" encoding="UTF-8"?>
<!-- Generated by org.testng.reporters.JUnitReportReporter -->
<testsuite hostname="ashishsri" failures="0" tests="1" name="AllTestCases.Delete_Request" time="2.493" errors="0" timestamp="2024-04-08T18:39:11 IST" skipped="0">
  <testcase classname="AllTestCases.Delete_Request" name="testCase5" time="2.493"/>
  <system-out/>
</testsuite> <!-- AllTestCases.Delete_Request -->
