<?xml version="1.0" encoding="UTF-8"?>
<!-- Generated by org.testng.reporters.JUnitReportReporter -->
<testsuite hostname="ashishsri" failures="0" tests="2" name="Session16.JsonobjectusingArrayorjsonobject" time="3.069" errors="0" timestamp="2024-04-12T20:59:39 IST" skipped="1">
  <testcase classname="Session16.JsonobjectusingArrayorjsonobject" name="Payloadusingmap_and_array" time="3.069"/>
  <system-out/>
  <testcase classname="Session16.JsonobjectusingArrayorjsonobject" name="Payloadusingjsonobjectandjsonarray">
    <skipped/>
  </testcase> <!-- Payloadusingjsonobjectandjsonarray -->
  <system-out/>
</testsuite> <!-- Session16.JsonobjectusingArrayorjsonobject -->
