<?xml version="1.0" encoding="UTF-8"?>
<!-- Generated by org.testng.reporters.JUnitReportReporter -->
<testsuite hostname="ashishsri" failures="0" tests="1" name="session15.PaylodusingMap" time="2.392" errors="0" timestamp="2024-04-11T13:22:45 IST" skipped="0">
  <testcase classname="session15.PaylodusingMap" name="Payloadusingcollection" time="2.392"/>
  <system-out/>
</testsuite> <!-- session15.PaylodusingMap -->
