<?xml version="1.0" encoding="UTF-8"?>
<!-- Generated by org.testng.reporters.JUnitReportReporter -->
<testsuite hostname="ashishsri" failures="0" tests="3" name="Session4.CheckForValidStatusCode" time="2.022" errors="0" timestamp="2024-04-09T10:32:37 IST" skipped="2">
  <testcase classname="Session4.CheckForValidStatusCode" name="InBdd_Style" time="2.022"/>
  <system-out/>
  <testcase classname="Session4.CheckForValidStatusCode" name="ValidatingusingValidatedResponse">
    <skipped/>
  </testcase> <!-- ValidatingusingValidatedResponse -->
  <system-out/>
  <testcase classname="Session4.CheckForValidStatusCode" name="StatusCodeValidation">
    <skipped/>
  </testcase> <!-- StatusCodeValidation -->
  <system-out/>
</testsuite> <!-- Session4.CheckForValidStatusCode -->
