<?xml version="1.0" encoding="UTF-8"?>
<!-- Generated by org.testng.reporters.JUnitReportReporter -->
<testsuite hostname="ashishsri" failures="0" tests="2" name="AllTestCases.Requests" time="1.948" errors="0" timestamp="2024-04-08T17:50:28 IST" skipped="0">
  <testcase classname="AllTestCases.Requests" name="Testcase2" time="1.554"/>
  <system-out/>
  <testcase classname="AllTestCases.Requests" name="firstGetRequest" time="0.394"/>
  <system-out/>
</testsuite> <!-- AllTestCases.Requests -->
