<?xml version="1.0" encoding="UTF-8"?>
<!-- Generated by org.testng.reporters.JUnitReportReporter -->
<testsuite hostname="ashishsri" failures="0" tests="3" name="Session11.Access_Token_Class" time="2.132" errors="0" timestamp="2024-04-10T20:18:42 IST" skipped="0">
  <testcase classname="Session11.Access_Token_Class" name="GenerateAccessTokenRegistration" time="1.912"/>
  <system-out/>
  <testcase classname="Session11.Access_Token_Class" name="GetprofileAfterloginAccessLogin" time="0.032"/>
  <system-out/>
  <testcase classname="Session11.Access_Token_Class" name="usingAccessTokenLogin" time="0.188"/>
  <system-out/>
</testsuite> <!-- Session11.Access_Token_Class -->
