<?xml version="1.0" encoding="UTF-8"?>
<!-- Generated by org.testng.reporters.JUnitReportReporter -->
<testsuite hostname="ashishsri" failures="0" tests="1" name="Session18.Fileupload" time="2.410" errors="0" timestamp="2024-04-13T11:05:21 IST" skipped="0">
  <testcase classname="Session18.Fileupload" name="To_Fileupload" time="2.410"/>
  <system-out/>
</testsuite> <!-- Session18.Fileupload -->
